0 info it worked if it ends with ok
1 verbose cli [ '/usr/local/bin/node', '/usr/local/bin/npm', 'install' ]
2 info using npm@3.5.0
3 info using node@v5.1.0
4 silly loadCurrentTree Starting
5 silly install loadCurrentTree
6 silly install readLocalPackageData
7 silly install normalizeTree
8 silly loadCurrentTree Finishing
9 silly loadIdealTree Starting
10 silly install loadIdealTree
11 silly cloneCurrentTree Starting
12 silly install cloneCurrentTreeToIdealTree
13 silly cloneCurrentTree Finishing
14 silly loadShrinkwrap Starting
15 silly install loadShrinkwrap
16 silly loadShrinkwrap Finishing
17 silly loadAllDepsIntoIdealTree Starting
18 silly install loadAllDepsIntoIdealTree
19 silly fetchNamedPackageData grunt-contrib-htmlmin
20 silly mapToRegistry name grunt-contrib-htmlmin
21 silly mapToRegistry using default registry
22 silly mapToRegistry registry https://registry.npmjs.org/
23 silly mapToRegistry uri https://registry.npmjs.org/grunt-contrib-htmlmin
24 silly fetchNamedPackageData grunt
25 silly mapToRegistry name grunt
26 silly mapToRegistry using default registry
27 silly mapToRegistry registry https://registry.npmjs.org/
28 silly mapToRegistry uri https://registry.npmjs.org/grunt
29 silly fetchNamedPackageData grunt-shell
30 silly mapToRegistry name grunt-shell
31 silly mapToRegistry using default registry
32 silly mapToRegistry registry https://registry.npmjs.org/
33 silly mapToRegistry uri https://registry.npmjs.org/grunt-shell
34 silly fetchNamedPackageData grunt-contrib-jshint
35 silly mapToRegistry name grunt-contrib-jshint
36 silly mapToRegistry using default registry
37 silly mapToRegistry registry https://registry.npmjs.org/
38 silly mapToRegistry uri https://registry.npmjs.org/grunt-contrib-jshint
39 silly fetchNamedPackageData grunt-contrib-uglify
40 silly mapToRegistry name grunt-contrib-uglify
41 silly mapToRegistry using default registry
42 silly mapToRegistry registry https://registry.npmjs.org/
43 silly mapToRegistry uri https://registry.npmjs.org/grunt-contrib-uglify
44 silly fetchNamedPackageData grunt-contrib-concat
45 silly mapToRegistry name grunt-contrib-concat
46 silly mapToRegistry using default registry
47 silly mapToRegistry registry https://registry.npmjs.org/
48 silly mapToRegistry uri https://registry.npmjs.org/grunt-contrib-concat
49 silly fetchNamedPackageData grunt-autoprefixer
50 silly mapToRegistry name grunt-autoprefixer
51 silly mapToRegistry using default registry
52 silly mapToRegistry registry https://registry.npmjs.org/
53 silly mapToRegistry uri https://registry.npmjs.org/grunt-autoprefixer
54 silly fetchNamedPackageData grunt-contrib-sass
55 silly mapToRegistry name grunt-contrib-sass
56 silly mapToRegistry using default registry
57 silly mapToRegistry registry https://registry.npmjs.org/
58 silly mapToRegistry uri https://registry.npmjs.org/grunt-contrib-sass
59 verbose request uri https://registry.npmjs.org/grunt-contrib-htmlmin
60 verbose request no auth needed
61 info attempt registry request try #1 at 18:37:54
62 verbose request id 1e728b9b1d0d6fe8
63 http request GET https://registry.npmjs.org/grunt-contrib-htmlmin
64 verbose request uri https://registry.npmjs.org/grunt
65 verbose request no auth needed
66 info attempt registry request try #1 at 18:37:55
67 http request GET https://registry.npmjs.org/grunt
68 verbose request uri https://registry.npmjs.org/grunt-shell
69 verbose request no auth needed
70 info attempt registry request try #1 at 18:37:55
71 http request GET https://registry.npmjs.org/grunt-shell
72 verbose request uri https://registry.npmjs.org/grunt-contrib-jshint
73 verbose request no auth needed
74 info attempt registry request try #1 at 18:37:55
75 http request GET https://registry.npmjs.org/grunt-contrib-jshint
76 verbose request uri https://registry.npmjs.org/grunt-contrib-uglify
77 verbose request no auth needed
78 info attempt registry request try #1 at 18:37:55
79 http request GET https://registry.npmjs.org/grunt-contrib-uglify
80 verbose request uri https://registry.npmjs.org/grunt-contrib-concat
81 verbose request no auth needed
82 info attempt registry request try #1 at 18:37:55
83 http request GET https://registry.npmjs.org/grunt-contrib-concat
84 verbose request uri https://registry.npmjs.org/grunt-contrib-sass
85 verbose request no auth needed
86 info attempt registry request try #1 at 18:37:55
87 http request GET https://registry.npmjs.org/grunt-contrib-sass
88 verbose request uri https://registry.npmjs.org/grunt-autoprefixer
89 verbose request no auth needed
90 info attempt registry request try #1 at 18:37:55
91 verbose etag "DLE80VVUC9XIR70UJHHVP25XH"
92 http request GET https://registry.npmjs.org/grunt-autoprefixer
93 http 304 https://registry.npmjs.org/grunt-autoprefixer
94 verbose headers { date: 'Thu, 26 Nov 2015 21:37:56 GMT',
94 verbose headers   via: '1.1 varnish',
94 verbose headers   'cache-control': 'max-age=60',
94 verbose headers   etag: '"DLE80VVUC9XIR70UJHHVP25XH"',
94 verbose headers   age: '32',
94 verbose headers   connection: 'keep-alive',
94 verbose headers   'x-served-by': 'cache-jfk1031-JFK',
94 verbose headers   'x-cache': 'HIT',
94 verbose headers   'x-cache-hits': '1',
94 verbose headers   'x-timer': 'S1448573876.229303,VS0,VE1',
94 verbose headers   vary: 'Accept' }
95 silly get cb [ 304,
95 silly get   { date: 'Thu, 26 Nov 2015 21:37:56 GMT',
95 silly get     via: '1.1 varnish',
95 silly get     'cache-control': 'max-age=60',
95 silly get     etag: '"DLE80VVUC9XIR70UJHHVP25XH"',
95 silly get     age: '32',
95 silly get     connection: 'keep-alive',
95 silly get     'x-served-by': 'cache-jfk1031-JFK',
95 silly get     'x-cache': 'HIT',
95 silly get     'x-cache-hits': '1',
95 silly get     'x-timer': 'S1448573876.229303,VS0,VE1',
95 silly get     vary: 'Accept' } ]
96 verbose etag https://registry.npmjs.org/grunt-autoprefixer from cache
97 verbose get saving grunt-autoprefixer to /home/agus/.npm/registry.npmjs.org/grunt-autoprefixer/.cache.json
98 silly fetchPackageMetaData Error: No compatible version found: grunt-autoprefixer@~
98 silly fetchPackageMetaData Valid install targets:
98 silly fetchPackageMetaData 3.0.3, 3.0.2, 3.0.1, 3.0.0, 2.2.0, 2.1.0, 2.0.0, 1.0.1, 1.0.0, 0.8.2, 0.8.1, 0.8.0, 0.7.6, 0.7.5, 0.7.4, 0.7.3, 0.7.2, 0.7.1, 0.7.0, 0.6.5, 0.6.4, 0.6.3, 0.6.2, 0.6.1, 0.6.0, 0.5.0, 0.4.2, 0.4.1, 0.4.0, 0.3.1, 0.3.0, 0.2.20130806, 0.2.20130718, 0.2.0, 0.1.20130615, 0.1.20130516, 0.1.20130424, 0.1.0
98 silly fetchPackageMetaData
98 silly fetchPackageMetaData     at pickVersionFromRegistryDocument (/usr/local/lib/node_modules/npm/lib/fetch-package-metadata.js:156:16)
98 silly fetchPackageMetaData     at /usr/local/lib/node_modules/npm/node_modules/iferr/index.js:13:50
98 silly fetchPackageMetaData     at /usr/local/lib/node_modules/npm/lib/utils/pulse-till-done.js:19:8
98 silly fetchPackageMetaData     at saved (/usr/local/lib/node_modules/npm/lib/cache/caching-client.js:168:7)
98 silly fetchPackageMetaData     at /usr/local/lib/node_modules/npm/node_modules/graceful-fs/polyfills.js:210:7
98 silly fetchPackageMetaData     at FSReqWrap.oncomplete (fs.js:82:15)
98 silly fetchPackageMetaData  error for grunt-autoprefixer@~ [Error: No compatible version found: grunt-autoprefixer@~
98 silly fetchPackageMetaData Valid install targets:
98 silly fetchPackageMetaData 3.0.3, 3.0.2, 3.0.1, 3.0.0, 2.2.0, 2.1.0, 2.0.0, 1.0.1, 1.0.0, 0.8.2, 0.8.1, 0.8.0, 0.7.6, 0.7.5, 0.7.4, 0.7.3, 0.7.2, 0.7.1, 0.7.0, 0.6.5, 0.6.4, 0.6.3, 0.6.2, 0.6.1, 0.6.0, 0.5.0, 0.4.2, 0.4.1, 0.4.0, 0.3.1, 0.3.0, 0.2.20130806, 0.2.20130718, 0.2.0, 0.1.20130615, 0.1.20130516, 0.1.20130424, 0.1.0
98 silly fetchPackageMetaData ]
99 http 200 https://registry.npmjs.org/grunt-contrib-htmlmin
100 verbose headers { server: 'CouchDB/1.5.0 (Erlang OTP/R16B03)',
100 verbose headers   etag: '"DUF99IV8X73HWRS6H5BDNFJR1"',
100 verbose headers   'content-type': 'application/json',
100 verbose headers   'cache-control': 'max-age=60',
100 verbose headers   'content-length': '20993',
100 verbose headers   'accept-ranges': 'bytes',
100 verbose headers   date: 'Thu, 26 Nov 2015 21:37:56 GMT',
100 verbose headers   via: '1.1 varnish',
100 verbose headers   age: '32',
100 verbose headers   connection: 'keep-alive',
100 verbose headers   'x-served-by': 'cache-jfk1033-JFK',
100 verbose headers   'x-cache': 'HIT',
100 verbose headers   'x-cache-hits': '1',
100 verbose headers   'x-timer': 'S1448573876.211946,VS0,VE0',
100 verbose headers   vary: 'Accept' }
101 silly get cb [ 200,
101 silly get   { server: 'CouchDB/1.5.0 (Erlang OTP/R16B03)',
101 silly get     etag: '"DUF99IV8X73HWRS6H5BDNFJR1"',
101 silly get     'content-type': 'application/json',
101 silly get     'cache-control': 'max-age=60',
101 silly get     'content-length': '20993',
101 silly get     'accept-ranges': 'bytes',
101 silly get     date: 'Thu, 26 Nov 2015 21:37:56 GMT',
101 silly get     via: '1.1 varnish',
101 silly get     age: '32',
101 silly get     connection: 'keep-alive',
101 silly get     'x-served-by': 'cache-jfk1033-JFK',
101 silly get     'x-cache': 'HIT',
101 silly get     'x-cache-hits': '1',
101 silly get     'x-timer': 'S1448573876.211946,VS0,VE0',
101 silly get     vary: 'Accept' } ]
102 verbose get saving grunt-contrib-htmlmin to /home/agus/.npm/registry.npmjs.org/grunt-contrib-htmlmin/.cache.json
103 silly resolveWithNewModule grunt-contrib-htmlmin@0.6.0 checking installable status
104 silly cache add args [ 'grunt-contrib-htmlmin@~0.6.0', null ]
105 verbose cache add spec grunt-contrib-htmlmin@~0.6.0
106 silly cache add parsed spec Result {
106 silly cache add   raw: 'grunt-contrib-htmlmin@~0.6.0',
106 silly cache add   scope: null,
106 silly cache add   name: 'grunt-contrib-htmlmin',
106 silly cache add   rawSpec: '~0.6.0',
106 silly cache add   spec: '>=0.6.0 <0.7.0',
106 silly cache add   type: 'range' }
107 silly addNamed grunt-contrib-htmlmin@>=0.6.0 <0.7.0
108 verbose addNamed ">=0.6.0 <0.7.0" is a valid semver range for grunt-contrib-htmlmin
109 silly addNameRange { name: 'grunt-contrib-htmlmin',
109 silly addNameRange   range: '>=0.6.0 <0.7.0',
109 silly addNameRange   hasData: false }
110 silly mapToRegistry name grunt-contrib-htmlmin
111 silly mapToRegistry using default registry
112 silly mapToRegistry registry https://registry.npmjs.org/
113 silly mapToRegistry uri https://registry.npmjs.org/grunt-contrib-htmlmin
114 verbose addNameRange registry:https://registry.npmjs.org/grunt-contrib-htmlmin not in flight; fetching
115 verbose get https://registry.npmjs.org/grunt-contrib-htmlmin not expired, no request
116 silly addNameRange number 2 { name: 'grunt-contrib-htmlmin',
116 silly addNameRange   range: '>=0.6.0 <0.7.0',
116 silly addNameRange   hasData: true }
117 silly addNameRange versions [ 'grunt-contrib-htmlmin',
117 silly addNameRange   [ '0.1.0',
117 silly addNameRange     '0.1.1',
117 silly addNameRange     '0.1.2',
117 silly addNameRange     '0.1.3',
117 silly addNameRange     '0.1.1-rc7',
117 silly addNameRange     '0.2.0',
117 silly addNameRange     '0.3.0',
117 silly addNameRange     '0.4.0',
117 silly addNameRange     '0.5.0',
117 silly addNameRange     '0.6.0' ] ]
118 silly addNamed grunt-contrib-htmlmin@0.6.0
119 verbose addNamed "0.6.0" is a plain semver version for grunt-contrib-htmlmin
120 silly cache afterAdd grunt-contrib-htmlmin@0.6.0
121 verbose afterAdd /home/agus/.npm/grunt-contrib-htmlmin/0.6.0/package/package.json not in flight; writing
122 verbose afterAdd /home/agus/.npm/grunt-contrib-htmlmin/0.6.0/package/package.json written
123 http 200 https://registry.npmjs.org/grunt-shell
124 verbose headers { server: 'CouchDB/1.5.0 (Erlang OTP/R16B03)',
124 verbose headers   etag: '"6UW013BAXKEHH7U4Y8JSU98B4"',
124 verbose headers   'content-type': 'application/json',
124 verbose headers   'cache-control': 'max-age=60',
124 verbose headers   'content-length': '28758',
124 verbose headers   'accept-ranges': 'bytes',
124 verbose headers   date: 'Thu, 26 Nov 2015 21:37:56 GMT',
124 verbose headers   via: '1.1 varnish',
124 verbose headers   age: '0',
124 verbose headers   connection: 'keep-alive',
124 verbose headers   'x-served-by': 'cache-jfk1031-JFK',
124 verbose headers   'x-cache': 'HIT',
124 verbose headers   'x-cache-hits': '1',
124 verbose headers   'x-timer': 'S1448573876.198447,VS0,VE20',
124 verbose headers   vary: 'Accept' }
125 silly get cb [ 200,
125 silly get   { server: 'CouchDB/1.5.0 (Erlang OTP/R16B03)',
125 silly get     etag: '"6UW013BAXKEHH7U4Y8JSU98B4"',
125 silly get     'content-type': 'application/json',
125 silly get     'cache-control': 'max-age=60',
125 silly get     'content-length': '28758',
125 silly get     'accept-ranges': 'bytes',
125 silly get     date: 'Thu, 26 Nov 2015 21:37:56 GMT',
125 silly get     via: '1.1 varnish',
125 silly get     age: '0',
125 silly get     connection: 'keep-alive',
125 silly get     'x-served-by': 'cache-jfk1031-JFK',
125 silly get     'x-cache': 'HIT',
125 silly get     'x-cache-hits': '1',
125 silly get     'x-timer': 'S1448573876.198447,VS0,VE20',
125 silly get     vary: 'Accept' } ]
126 verbose get saving grunt-shell to /home/agus/.npm/registry.npmjs.org/grunt-shell/.cache.json
127 silly resolveWithNewModule grunt-shell@1.1.2 checking installable status
128 silly cache add args [ 'grunt-shell@~1.1.2', null ]
129 verbose cache add spec grunt-shell@~1.1.2
130 silly cache add parsed spec Result {
130 silly cache add   raw: 'grunt-shell@~1.1.2',
130 silly cache add   scope: null,
130 silly cache add   name: 'grunt-shell',
130 silly cache add   rawSpec: '~1.1.2',
130 silly cache add   spec: '>=1.1.2 <1.2.0',
130 silly cache add   type: 'range' }
131 silly addNamed grunt-shell@>=1.1.2 <1.2.0
132 verbose addNamed ">=1.1.2 <1.2.0" is a valid semver range for grunt-shell
133 silly addNameRange { name: 'grunt-shell', range: '>=1.1.2 <1.2.0', hasData: false }
134 silly mapToRegistry name grunt-shell
135 silly mapToRegistry using default registry
136 silly mapToRegistry registry https://registry.npmjs.org/
137 silly mapToRegistry uri https://registry.npmjs.org/grunt-shell
138 verbose addNameRange registry:https://registry.npmjs.org/grunt-shell not in flight; fetching
139 verbose get https://registry.npmjs.org/grunt-shell not expired, no request
140 silly addNameRange number 2 { name: 'grunt-shell', range: '>=1.1.2 <1.2.0', hasData: true }
141 silly addNameRange versions [ 'grunt-shell',
141 silly addNameRange   [ '0.1.0',
141 silly addNameRange     '0.1.1',
141 silly addNameRange     '0.1.2',
141 silly addNameRange     '0.1.3',
141 silly addNameRange     '0.1.4',
141 silly addNameRange     '0.2.0',
141 silly addNameRange     '0.2.1',
141 silly addNameRange     '0.2.2',
141 silly addNameRange     '0.3.0',
141 silly addNameRange     '0.3.1',
141 silly addNameRange     '0.4.0',
141 silly addNameRange     '0.5.0',
141 silly addNameRange     '0.6.0',
141 silly addNameRange     '0.6.1',
141 silly addNameRange     '0.6.2',
141 silly addNameRange     '0.6.4',
141 silly addNameRange     '0.7.0',
141 silly addNameRange     '1.0.0',
141 silly addNameRange     '1.0.1',
141 silly addNameRange     '1.1.0',
141 silly addNameRange     '1.1.1',
141 silly addNameRange     '1.1.2' ] ]
142 silly addNamed grunt-shell@1.1.2
143 verbose addNamed "1.1.2" is a plain semver version for grunt-shell
144 http 200 https://registry.npmjs.org/grunt-contrib-sass
145 verbose headers { server: 'CouchDB/1.5.0 (Erlang OTP/R16B03)',
145 verbose headers   etag: '"C6TQZG3DBNP0NW0Y7FFN9P0L7"',
145 verbose headers   'content-type': 'application/json',
145 verbose headers   'cache-control': 'max-age=60',
145 verbose headers   'content-length': '45938',
145 verbose headers   'accept-ranges': 'bytes',
145 verbose headers   date: 'Thu, 26 Nov 2015 21:37:56 GMT',
145 verbose headers   via: '1.1 varnish',
145 verbose headers   age: '32',
145 verbose headers   connection: 'keep-alive',
145 verbose headers   'x-served-by': 'cache-jfk1024-JFK',
145 verbose headers   'x-cache': 'HIT',
145 verbose headers   'x-cache-hits': '2',
145 verbose headers   'x-timer': 'S1448573876.222330,VS0,VE0',
145 verbose headers   vary: 'Accept' }
146 silly get cb [ 200,
146 silly get   { server: 'CouchDB/1.5.0 (Erlang OTP/R16B03)',
146 silly get     etag: '"C6TQZG3DBNP0NW0Y7FFN9P0L7"',
146 silly get     'content-type': 'application/json',
146 silly get     'cache-control': 'max-age=60',
146 silly get     'content-length': '45938',
146 silly get     'accept-ranges': 'bytes',
146 silly get     date: 'Thu, 26 Nov 2015 21:37:56 GMT',
146 silly get     via: '1.1 varnish',
146 silly get     age: '32',
146 silly get     connection: 'keep-alive',
146 silly get     'x-served-by': 'cache-jfk1024-JFK',
146 silly get     'x-cache': 'HIT',
146 silly get     'x-cache-hits': '2',
146 silly get     'x-timer': 'S1448573876.222330,VS0,VE0',
146 silly get     vary: 'Accept' } ]
147 verbose get saving grunt-contrib-sass to /home/agus/.npm/registry.npmjs.org/grunt-contrib-sass/.cache.json
148 silly fetchPackageMetaData Error: No compatible version found: grunt-contrib-sass@~
148 silly fetchPackageMetaData Valid install targets:
148 silly fetchPackageMetaData 0.9.2, 0.9.1, 0.9.0, 0.8.1, 0.8.0, 0.7.4, 0.7.3, 0.7.2, 0.7.1, 0.7.0, 0.6.0, 0.5.1, 0.5.0, 0.4.1, 0.4.0, 0.3.0, 0.2.2, 0.2.2-rc7, 0.2.1, 0.2.0, 0.1.3, 0.1.2, 0.1.1, 0.1.0
148 silly fetchPackageMetaData
148 silly fetchPackageMetaData     at pickVersionFromRegistryDocument (/usr/local/lib/node_modules/npm/lib/fetch-package-metadata.js:156:16)
148 silly fetchPackageMetaData     at /usr/local/lib/node_modules/npm/node_modules/iferr/index.js:13:50
148 silly fetchPackageMetaData     at /usr/local/lib/node_modules/npm/lib/utils/pulse-till-done.js:19:8
148 silly fetchPackageMetaData     at saved (/usr/local/lib/node_modules/npm/lib/cache/caching-client.js:168:7)
148 silly fetchPackageMetaData     at /usr/local/lib/node_modules/npm/node_modules/graceful-fs/polyfills.js:210:7
148 silly fetchPackageMetaData     at FSReqWrap.oncomplete (fs.js:82:15)
148 silly fetchPackageMetaData  error for grunt-contrib-sass@~ [Error: No compatible version found: grunt-contrib-sass@~
148 silly fetchPackageMetaData Valid install targets:
148 silly fetchPackageMetaData 0.9.2, 0.9.1, 0.9.0, 0.8.1, 0.8.0, 0.7.4, 0.7.3, 0.7.2, 0.7.1, 0.7.0, 0.6.0, 0.5.1, 0.5.0, 0.4.1, 0.4.0, 0.3.0, 0.2.2, 0.2.2-rc7, 0.2.1, 0.2.0, 0.1.3, 0.1.2, 0.1.1, 0.1.0
148 silly fetchPackageMetaData ]
149 http 200 https://registry.npmjs.org/grunt-contrib-jshint
150 verbose headers { server: 'CouchDB/1.5.0 (Erlang OTP/R16B03)',
150 verbose headers   etag: '"4GNDG9SC9QMG5CK2AWZPFRL12"',
150 verbose headers   'content-type': 'application/json',
150 verbose headers   'cache-control': 'max-age=60',
150 verbose headers   'content-length': '61810',
150 verbose headers   'accept-ranges': 'bytes',
150 verbose headers   date: 'Thu, 26 Nov 2015 21:37:56 GMT',
150 verbose headers   via: '1.1 varnish',
150 verbose headers   age: '32',
150 verbose headers   connection: 'keep-alive',
150 verbose headers   'x-served-by': 'cache-jfk1035-JFK',
150 verbose headers   'x-cache': 'HIT',
150 verbose headers   'x-cache-hits': '1',
150 verbose headers   'x-timer': 'S1448573876.233141,VS0,VE0',
150 verbose headers   vary: 'Accept' }
151 silly get cb [ 200,
151 silly get   { server: 'CouchDB/1.5.0 (Erlang OTP/R16B03)',
151 silly get     etag: '"4GNDG9SC9QMG5CK2AWZPFRL12"',
151 silly get     'content-type': 'application/json',
151 silly get     'cache-control': 'max-age=60',
151 silly get     'content-length': '61810',
151 silly get     'accept-ranges': 'bytes',
151 silly get     date: 'Thu, 26 Nov 2015 21:37:56 GMT',
151 silly get     via: '1.1 varnish',
151 silly get     age: '32',
151 silly get     connection: 'keep-alive',
151 silly get     'x-served-by': 'cache-jfk1035-JFK',
151 silly get     'x-cache': 'HIT',
151 silly get     'x-cache-hits': '1',
151 silly get     'x-timer': 'S1448573876.233141,VS0,VE0',
151 silly get     vary: 'Accept' } ]
152 verbose get saving grunt-contrib-jshint to /home/agus/.npm/registry.npmjs.org/grunt-contrib-jshint/.cache.json
153 silly resolveWithNewModule grunt-contrib-jshint@0.11.3 checking installable status
154 silly cache add args [ 'grunt-contrib-jshint@~0.11.3', null ]
155 verbose cache add spec grunt-contrib-jshint@~0.11.3
156 silly cache add parsed spec Result {
156 silly cache add   raw: 'grunt-contrib-jshint@~0.11.3',
156 silly cache add   scope: null,
156 silly cache add   name: 'grunt-contrib-jshint',
156 silly cache add   rawSpec: '~0.11.3',
156 silly cache add   spec: '>=0.11.3 <0.12.0',
156 silly cache add   type: 'range' }
157 silly addNamed grunt-contrib-jshint@>=0.11.3 <0.12.0
158 verbose addNamed ">=0.11.3 <0.12.0" is a valid semver range for grunt-contrib-jshint
159 silly addNameRange { name: 'grunt-contrib-jshint',
159 silly addNameRange   range: '>=0.11.3 <0.12.0',
159 silly addNameRange   hasData: false }
160 silly mapToRegistry name grunt-contrib-jshint
161 silly mapToRegistry using default registry
162 silly mapToRegistry registry https://registry.npmjs.org/
163 silly mapToRegistry uri https://registry.npmjs.org/grunt-contrib-jshint
164 verbose addNameRange registry:https://registry.npmjs.org/grunt-contrib-jshint not in flight; fetching
165 verbose get https://registry.npmjs.org/grunt-contrib-jshint not expired, no request
166 silly addNameRange number 2 { name: 'grunt-contrib-jshint',
166 silly addNameRange   range: '>=0.11.3 <0.12.0',
166 silly addNameRange   hasData: true }
167 silly addNameRange versions [ 'grunt-contrib-jshint',
167 silly addNameRange   [ '0.1.0',
167 silly addNameRange     '0.1.1',
167 silly addNameRange     '0.2.0',
167 silly addNameRange     '0.3.0',
167 silly addNameRange     '0.4.0',
167 silly addNameRange     '0.4.1',
167 silly addNameRange     '0.4.2',
167 silly addNameRange     '0.4.3',
167 silly addNameRange     '0.5.0',
167 silly addNameRange     '0.5.1',
167 silly addNameRange     '0.5.2',
167 silly addNameRange     '0.5.3',
167 silly addNameRange     '0.5.4',
167 silly addNameRange     '0.6.0',
167 silly addNameRange     '0.6.1',
167 silly addNameRange     '0.6.2',
167 silly addNameRange     '0.6.3',
167 silly addNameRange     '0.6.4',
167 silly addNameRange     '0.6.5',
167 silly addNameRange     '0.7.0',
167 silly addNameRange     '0.7.1',
167 silly addNameRange     '0.7.2',
167 silly addNameRange     '0.8.0',
167 silly addNameRange     '0.9.0',
167 silly addNameRange     '0.9.1',
167 silly addNameRange     '0.9.2',
167 silly addNameRange     '0.10.0',
167 silly addNameRange     '0.11.0',
167 silly addNameRange     '0.11.1',
167 silly addNameRange     '0.11.2',
167 silly addNameRange     '0.11.3',
167 silly addNameRange     '0.1.1-rc5',
167 silly addNameRange     '0.1.1-rc6' ] ]
168 silly addNamed grunt-contrib-jshint@0.11.3
169 verbose addNamed "0.11.3" is a plain semver version for grunt-contrib-jshint
170 silly cache afterAdd grunt-shell@1.1.2
171 verbose afterAdd /home/agus/.npm/grunt-shell/1.1.2/package/package.json not in flight; writing
172 silly cache afterAdd grunt-contrib-jshint@0.11.3
173 verbose afterAdd /home/agus/.npm/grunt-contrib-jshint/0.11.3/package/package.json not in flight; writing
174 verbose afterAdd /home/agus/.npm/grunt-contrib-jshint/0.11.3/package/package.json written
175 verbose afterAdd /home/agus/.npm/grunt-shell/1.1.2/package/package.json written
176 http 200 https://registry.npmjs.org/grunt
177 verbose headers { server: 'CouchDB/1.5.0 (Erlang OTP/R16B03)',
177 verbose headers   etag: '"606W2RDJXUMUALQGC69IDX7GJ"',
177 verbose headers   'content-type': 'application/json',
177 verbose headers   'cache-control': 'max-age=60',
177 verbose headers   'content-length': '90737',
177 verbose headers   'accept-ranges': 'bytes',
177 verbose headers   date: 'Thu, 26 Nov 2015 21:37:56 GMT',
177 verbose headers   via: '1.1 varnish',
177 verbose headers   age: '54',
177 verbose headers   connection: 'keep-alive',
177 verbose headers   'x-served-by': 'cache-jfk1027-JFK',
177 verbose headers   'x-cache': 'HIT',
177 verbose headers   'x-cache-hits': '2',
177 verbose headers   'x-timer': 'S1448573876.205075,VS0,VE0',
177 verbose headers   vary: 'Accept' }
178 silly get cb [ 200,
178 silly get   { server: 'CouchDB/1.5.0 (Erlang OTP/R16B03)',
178 silly get     etag: '"606W2RDJXUMUALQGC69IDX7GJ"',
178 silly get     'content-type': 'application/json',
178 silly get     'cache-control': 'max-age=60',
178 silly get     'content-length': '90737',
178 silly get     'accept-ranges': 'bytes',
178 silly get     date: 'Thu, 26 Nov 2015 21:37:56 GMT',
178 silly get     via: '1.1 varnish',
178 silly get     age: '54',
178 silly get     connection: 'keep-alive',
178 silly get     'x-served-by': 'cache-jfk1027-JFK',
178 silly get     'x-cache': 'HIT',
178 silly get     'x-cache-hits': '2',
178 silly get     'x-timer': 'S1448573876.205075,VS0,VE0',
178 silly get     vary: 'Accept' } ]
179 verbose get saving grunt to /home/agus/.npm/registry.npmjs.org/grunt/.cache.json
180 silly resolveWithNewModule grunt@0.4.5 checking installable status
181 silly cache add args [ 'grunt@~0.4.5', null ]
182 verbose cache add spec grunt@~0.4.5
183 silly cache add parsed spec Result {
183 silly cache add   raw: 'grunt@~0.4.5',
183 silly cache add   scope: null,
183 silly cache add   name: 'grunt',
183 silly cache add   rawSpec: '~0.4.5',
183 silly cache add   spec: '>=0.4.5 <0.5.0',
183 silly cache add   type: 'range' }
184 silly addNamed grunt@>=0.4.5 <0.5.0
185 verbose addNamed ">=0.4.5 <0.5.0" is a valid semver range for grunt
186 silly addNameRange { name: 'grunt', range: '>=0.4.5 <0.5.0', hasData: false }
187 silly mapToRegistry name grunt
188 silly mapToRegistry using default registry
189 silly mapToRegistry registry https://registry.npmjs.org/
190 silly mapToRegistry uri https://registry.npmjs.org/grunt
191 verbose addNameRange registry:https://registry.npmjs.org/grunt not in flight; fetching
192 http 200 https://registry.npmjs.org/grunt-contrib-uglify
193 verbose headers { server: 'CouchDB/1.5.0 (Erlang OTP/R16B03)',
193 verbose headers   etag: '"15CJ53D8HI3BN3R624VFO87GQ"',
193 verbose headers   'content-type': 'application/json',
193 verbose headers   'cache-control': 'max-age=60',
193 verbose headers   'content-length': '74028',
193 verbose headers   'accept-ranges': 'bytes',
193 verbose headers   date: 'Thu, 26 Nov 2015 21:37:56 GMT',
193 verbose headers   via: '1.1 varnish',
193 verbose headers   age: '32',
193 verbose headers   connection: 'keep-alive',
193 verbose headers   'x-served-by': 'cache-jfk1034-JFK',
193 verbose headers   'x-cache': 'HIT',
193 verbose headers   'x-cache-hits': '1',
193 verbose headers   'x-timer': 'S1448573876.213177,VS0,VE0',
193 verbose headers   vary: 'Accept' }
194 silly get cb [ 200,
194 silly get   { server: 'CouchDB/1.5.0 (Erlang OTP/R16B03)',
194 silly get     etag: '"15CJ53D8HI3BN3R624VFO87GQ"',
194 silly get     'content-type': 'application/json',
194 silly get     'cache-control': 'max-age=60',
194 silly get     'content-length': '74028',
194 silly get     'accept-ranges': 'bytes',
194 silly get     date: 'Thu, 26 Nov 2015 21:37:56 GMT',
194 silly get     via: '1.1 varnish',
194 silly get     age: '32',
194 silly get     connection: 'keep-alive',
194 silly get     'x-served-by': 'cache-jfk1034-JFK',
194 silly get     'x-cache': 'HIT',
194 silly get     'x-cache-hits': '1',
194 silly get     'x-timer': 'S1448573876.213177,VS0,VE0',
194 silly get     vary: 'Accept' } ]
195 verbose get saving grunt-contrib-uglify to /home/agus/.npm/registry.npmjs.org/grunt-contrib-uglify/.cache.json
196 verbose get https://registry.npmjs.org/grunt not expired, no request
197 silly addNameRange number 2 { name: 'grunt', range: '>=0.4.5 <0.5.0', hasData: true }
198 silly addNameRange versions [ 'grunt',
198 silly addNameRange   [ '0.1.0',
198 silly addNameRange     '0.1.1',
198 silly addNameRange     '0.1.2',
198 silly addNameRange     '0.2.0',
198 silly addNameRange     '0.2.1',
198 silly addNameRange     '0.2.2',
198 silly addNameRange     '0.2.3',
198 silly addNameRange     '0.2.4',
198 silly addNameRange     '0.2.5',
198 silly addNameRange     '0.2.6',
198 silly addNameRange     '0.2.7',
198 silly addNameRange     '0.2.8',
198 silly addNameRange     '0.2.9',
198 silly addNameRange     '0.2.10',
198 silly addNameRange     '0.2.11',
198 silly addNameRange     '0.2.12',
198 silly addNameRange     '0.2.13',
198 silly addNameRange     '0.2.14',
198 silly addNameRange     '0.2.15',
198 silly addNameRange     '0.3.0',
198 silly addNameRange     '0.3.1',
198 silly addNameRange     '0.3.2',
198 silly addNameRange     '0.3.3',
198 silly addNameRange     '0.3.4',
198 silly addNameRange     '0.3.5',
198 silly addNameRange     '0.3.6',
198 silly addNameRange     '0.3.7',
198 silly addNameRange     '0.3.8',
198 silly addNameRange     '0.3.9',
198 silly addNameRange     '0.3.10',
198 silly addNameRange     '0.3.11',
198 silly addNameRange     '0.3.12',
198 silly addNameRange     '0.3.13',
198 silly addNameRange     '0.3.14',
198 silly addNameRange     '0.3.15',
198 silly addNameRange     '0.3.16',
198 silly addNameRange     '0.3.17',
198 silly addNameRange     '0.4.0',
198 silly addNameRange     '0.4.1',
198 silly addNameRange     '0.4.2',
198 silly addNameRange     '0.4.3',
198 silly addNameRange     '0.4.4',
198 silly addNameRange     '0.4.5',
198 silly addNameRange     '0.3.13-a',
198 silly addNameRange     '0.4.0-a',
198 silly addNameRange     '0.4.0-rc1',
198 silly addNameRange     '0.4.0-rc2',
198 silly addNameRange     '0.4.0-rc3',
198 silly addNameRange     '0.4.0-rc4',
198 silly addNameRange     '0.4.0-rc5',
198 silly addNameRange     '0.4.0-rc6',
198 silly addNameRange     '0.4.0-rc7',
198 silly addNameRange     '0.4.0-rc8' ] ]
199 silly addNamed grunt@0.4.5
200 verbose addNamed "0.4.5" is a plain semver version for grunt
201 silly resolveWithNewModule grunt-contrib-uglify@0.11.0 checking installable status
202 silly cache add args [ 'grunt-contrib-uglify@~0.11.0', null ]
203 verbose cache add spec grunt-contrib-uglify@~0.11.0
204 silly cache add parsed spec Result {
204 silly cache add   raw: 'grunt-contrib-uglify@~0.11.0',
204 silly cache add   scope: null,
204 silly cache add   name: 'grunt-contrib-uglify',
204 silly cache add   rawSpec: '~0.11.0',
204 silly cache add   spec: '>=0.11.0 <0.12.0',
204 silly cache add   type: 'range' }
205 silly addNamed grunt-contrib-uglify@>=0.11.0 <0.12.0
206 verbose addNamed ">=0.11.0 <0.12.0" is a valid semver range for grunt-contrib-uglify
207 silly addNameRange { name: 'grunt-contrib-uglify',
207 silly addNameRange   range: '>=0.11.0 <0.12.0',
207 silly addNameRange   hasData: false }
208 silly mapToRegistry name grunt-contrib-uglify
209 silly mapToRegistry using default registry
210 silly mapToRegistry registry https://registry.npmjs.org/
211 silly mapToRegistry uri https://registry.npmjs.org/grunt-contrib-uglify
212 verbose addNameRange registry:https://registry.npmjs.org/grunt-contrib-uglify not in flight; fetching
213 verbose get https://registry.npmjs.org/grunt-contrib-uglify not expired, no request
214 silly addNameRange number 2 { name: 'grunt-contrib-uglify',
214 silly addNameRange   range: '>=0.11.0 <0.12.0',
214 silly addNameRange   hasData: true }
215 silly addNameRange versions [ 'grunt-contrib-uglify',
215 silly addNameRange   [ '0.1.0',
215 silly addNameRange     '0.1.1',
215 silly addNameRange     '0.1.2',
215 silly addNameRange     '0.2.0',
215 silly addNameRange     '0.2.1',
215 silly addNameRange     '0.2.2',
215 silly addNameRange     '0.2.3',
215 silly addNameRange     '0.2.4',
215 silly addNameRange     '0.2.5',
215 silly addNameRange     '0.2.6',
215 silly addNameRange     '0.2.7',
215 silly addNameRange     '0.3.0',
215 silly addNameRange     '0.3.1',
215 silly addNameRange     '0.1.1-rc5',
215 silly addNameRange     '0.1.1-rc6',
215 silly addNameRange     '0.3.2',
215 silly addNameRange     '0.3.3',
215 silly addNameRange     '0.4.0',
215 silly addNameRange     '0.5.0',
215 silly addNameRange     '0.4.1',
215 silly addNameRange     '0.5.1',
215 silly addNameRange     '0.6.0',
215 silly addNameRange     '0.7.0',
215 silly addNameRange     '0.8.0',
215 silly addNameRange     '0.8.1',
215 silly addNameRange     '0.9.0',
215 silly addNameRange     '0.9.1',
215 silly addNameRange     '0.9.2',
215 silly addNameRange     '0.10.0',
215 silly addNameRange     '0.10.1',
215 silly addNameRange     '0.11.0' ] ]
216 silly addNamed grunt-contrib-uglify@0.11.0
217 verbose addNamed "0.11.0" is a plain semver version for grunt-contrib-uglify
218 silly cache afterAdd grunt@0.4.5
219 verbose afterAdd /home/agus/.npm/grunt/0.4.5/package/package.json not in flight; writing
220 verbose afterAdd /home/agus/.npm/grunt/0.4.5/package/package.json written
221 silly cache afterAdd grunt-contrib-uglify@0.11.0
222 verbose afterAdd /home/agus/.npm/grunt-contrib-uglify/0.11.0/package/package.json not in flight; writing
223 verbose afterAdd /home/agus/.npm/grunt-contrib-uglify/0.11.0/package/package.json written
224 http 200 https://registry.npmjs.org/grunt-contrib-concat
225 verbose headers { server: 'CouchDB/1.5.0 (Erlang OTP/R16B03)',
225 verbose headers   etag: '"2CI40NVYKESYQ5VZD4MTKBTKV"',
225 verbose headers   'content-type': 'application/json',
225 verbose headers   'cache-control': 'max-age=60',
225 verbose headers   'content-length': '30306',
225 verbose headers   'accept-ranges': 'bytes',
225 verbose headers   date: 'Thu, 26 Nov 2015 21:37:57 GMT',
225 verbose headers   via: '1.1 varnish',
225 verbose headers   age: '33',
225 verbose headers   connection: 'keep-alive',
225 verbose headers   'x-served-by': 'cache-jfk1032-JFK',
225 verbose headers   'x-cache': 'HIT',
225 verbose headers   'x-cache-hits': '1',
225 verbose headers   'x-timer': 'S1448573877.200507,VS0,VE0',
225 verbose headers   vary: 'Accept' }
226 silly get cb [ 200,
226 silly get   { server: 'CouchDB/1.5.0 (Erlang OTP/R16B03)',
226 silly get     etag: '"2CI40NVYKESYQ5VZD4MTKBTKV"',
226 silly get     'content-type': 'application/json',
226 silly get     'cache-control': 'max-age=60',
226 silly get     'content-length': '30306',
226 silly get     'accept-ranges': 'bytes',
226 silly get     date: 'Thu, 26 Nov 2015 21:37:57 GMT',
226 silly get     via: '1.1 varnish',
226 silly get     age: '33',
226 silly get     connection: 'keep-alive',
226 silly get     'x-served-by': 'cache-jfk1032-JFK',
226 silly get     'x-cache': 'HIT',
226 silly get     'x-cache-hits': '1',
226 silly get     'x-timer': 'S1448573877.200507,VS0,VE0',
226 silly get     vary: 'Accept' } ]
227 verbose get saving grunt-contrib-concat to /home/agus/.npm/registry.npmjs.org/grunt-contrib-concat/.cache.json
228 silly resolveWithNewModule grunt-contrib-concat@0.5.1 checking installable status
229 silly cache add args [ 'grunt-contrib-concat@~0.5.1', null ]
230 verbose cache add spec grunt-contrib-concat@~0.5.1
231 silly cache add parsed spec Result {
231 silly cache add   raw: 'grunt-contrib-concat@~0.5.1',
231 silly cache add   scope: null,
231 silly cache add   name: 'grunt-contrib-concat',
231 silly cache add   rawSpec: '~0.5.1',
231 silly cache add   spec: '>=0.5.1 <0.6.0',
231 silly cache add   type: 'range' }
232 silly addNamed grunt-contrib-concat@>=0.5.1 <0.6.0
233 verbose addNamed ">=0.5.1 <0.6.0" is a valid semver range for grunt-contrib-concat
234 silly addNameRange { name: 'grunt-contrib-concat',
234 silly addNameRange   range: '>=0.5.1 <0.6.0',
234 silly addNameRange   hasData: false }
235 silly mapToRegistry name grunt-contrib-concat
236 silly mapToRegistry using default registry
237 silly mapToRegistry registry https://registry.npmjs.org/
238 silly mapToRegistry uri https://registry.npmjs.org/grunt-contrib-concat
239 verbose addNameRange registry:https://registry.npmjs.org/grunt-contrib-concat not in flight; fetching
240 verbose get https://registry.npmjs.org/grunt-contrib-concat not expired, no request
241 silly addNameRange number 2 { name: 'grunt-contrib-concat',
241 silly addNameRange   range: '>=0.5.1 <0.6.0',
241 silly addNameRange   hasData: true }
242 silly addNameRange versions [ 'grunt-contrib-concat',
242 silly addNameRange   [ '0.1.0',
242 silly addNameRange     '0.1.1',
242 silly addNameRange     '0.1.2',
242 silly addNameRange     '0.1.3',
242 silly addNameRange     '0.2.0',
242 silly addNameRange     '0.3.0',
242 silly addNameRange     '0.4.0',
242 silly addNameRange     '0.5.0',
242 silly addNameRange     '0.5.1',
242 silly addNameRange     '0.1.2-rc5',
242 silly addNameRange     '0.1.2-rc6' ] ]
243 silly addNamed grunt-contrib-concat@0.5.1
244 verbose addNamed "0.5.1" is a plain semver version for grunt-contrib-concat
245 silly cache afterAdd grunt-contrib-concat@0.5.1
246 verbose afterAdd /home/agus/.npm/grunt-contrib-concat/0.5.1/package/package.json not in flight; writing
247 verbose afterAdd /home/agus/.npm/grunt-contrib-concat/0.5.1/package/package.json written
248 silly rollbackFailedOptional Starting
249 silly rollbackFailedOptional Finishing
250 silly runTopLevelLifecycles Starting
251 silly runTopLevelLifecycles Finishing
252 silly install printInstalled
253 verbose stack Error: No compatible version found: grunt-autoprefixer@~
253 verbose stack Valid install targets:
253 verbose stack 3.0.3, 3.0.2, 3.0.1, 3.0.0, 2.2.0, 2.1.0, 2.0.0, 1.0.1, 1.0.0, 0.8.2, 0.8.1, 0.8.0, 0.7.6, 0.7.5, 0.7.4, 0.7.3, 0.7.2, 0.7.1, 0.7.0, 0.6.5, 0.6.4, 0.6.3, 0.6.2, 0.6.1, 0.6.0, 0.5.0, 0.4.2, 0.4.1, 0.4.0, 0.3.1, 0.3.0, 0.2.20130806, 0.2.20130718, 0.2.0, 0.1.20130615, 0.1.20130516, 0.1.20130424, 0.1.0
253 verbose stack
253 verbose stack     at pickVersionFromRegistryDocument (/usr/local/lib/node_modules/npm/lib/fetch-package-metadata.js:156:16)
253 verbose stack     at /usr/local/lib/node_modules/npm/node_modules/iferr/index.js:13:50
253 verbose stack     at /usr/local/lib/node_modules/npm/lib/utils/pulse-till-done.js:19:8
253 verbose stack     at saved (/usr/local/lib/node_modules/npm/lib/cache/caching-client.js:168:7)
253 verbose stack     at /usr/local/lib/node_modules/npm/node_modules/graceful-fs/polyfills.js:210:7
253 verbose stack     at FSReqWrap.oncomplete (fs.js:82:15)
254 verbose cwd /home/agus/Documentos/_htdocs/tarquinio
255 error Linux 3.16.0-52-generic
256 error argv "/usr/local/bin/node" "/usr/local/bin/npm" "install"
257 error node v5.1.0
258 error npm  v3.5.0
259 error No compatible version found: grunt-autoprefixer@~
259 error Valid install targets:
259 error 3.0.3, 3.0.2, 3.0.1, 3.0.0, 2.2.0, 2.1.0, 2.0.0, 1.0.1, 1.0.0, 0.8.2, 0.8.1, 0.8.0, 0.7.6, 0.7.5, 0.7.4, 0.7.3, 0.7.2, 0.7.1, 0.7.0, 0.6.5, 0.6.4, 0.6.3, 0.6.2, 0.6.1, 0.6.0, 0.5.0, 0.4.2, 0.4.1, 0.4.0, 0.3.1, 0.3.0, 0.2.20130806, 0.2.20130718, 0.2.0, 0.1.20130615, 0.1.20130516, 0.1.20130424, 0.1.0
260 error If you need help, you may report this error at:
260 error     <https://github.com/npm/npm/issues>
261 verbose exit [ 1, true ]
